<?xml version="1.0" encoding="UTF-8"?>
<!-- Generated by org.testng.reporters.JUnitReportReporter -->
<testsuite hostname="LAPTOP-E6OV7C2M" name="testCases.UITestCase" tests="1" failures="0" timestamp="19 Nov 2020 15:26:45 GMT" time="24.688" errors="0">
  <testcase name="test" time="24.688" classname="testCases.UITestCase"/>
</testsuite> <!-- testCases.UITestCase -->
