<?xml version="1.0" encoding="UTF-8"?>
<!-- Generated by org.testng.reporters.JUnitReportReporter -->
<testsuite hostname="LAPTOP-E6OV7C2M" name="APIAutomation.APITestCase" tests="1" failures="0" timestamp="19 Nov 2020 17:30:24 GMT" time="2.377" errors="0">
  <testcase name="createUser" time="2.377" classname="APIAutomation.APITestCase"/>
</testsuite> <!-- APIAutomation.APITestCase -->
